"QUERY PLAN"
"Limit  (cost=4.16..36.84 rows=10 width=44) (actual time=0.292..0.782 rows=10 loops=1)"
"  ->  Result  (cost=4.16..330.91 rows=100 width=44) (actual time=0.290..0.777 rows=10 loops=1)"
"        ->  Sort  (cost=4.16..4.41 rows=100 width=12) (actual time=0.229..0.233 rows=10 loops=1)"
"              Sort Key: orders.total_price DESC"
"              Sort Method: top-N heapsort  Memory: 25kB"
"              ->  Seq Scan on orders  (cost=0.00..2.00 rows=100 width=12) (actual time=0.019..0.125 rows=100 loops=1)"
"        SubPlan 1"
"          ->  Seq Scan on users  (cost=0.00..3.25 rows=1 width=32) (actual time=0.032..0.050 rows=1 loops=10)"
"                Filter: (id = orders.user_id)"
"                Rows Removed by Filter: 99"
"Planning Time: 0.338 ms"
"Execution Time: 0.828 ms"
