"QUERY PLAN"
"Limit  (cost=9.18..9.21 rows=10 width=44) (actual time=0.515..0.521 rows=10 loops=1)"
"  ->  Sort  (cost=9.18..9.43 rows=100 width=44) (actual time=0.514..0.517 rows=10 loops=1)"
"        Sort Key: orders.total_price DESC"
"        Sort Method: top-N heapsort  Memory: 26kB"
"        ->  Hash Join  (cost=4.25..7.02 rows=100 width=44) (actual time=0.147..0.429 rows=100 loops=1)"
"              Hash Cond: (orders.user_id = users.id)"
"              ->  Seq Scan on orders  (cost=0.00..2.00 rows=100 width=12) (actual time=0.018..0.042 rows=100 loops=1)"
"              ->  Hash  (cost=3.00..3.00 rows=100 width=17) (actual time=0.118..0.119 rows=100 loops=1)"
"                    Buckets: 1024  Batches: 1  Memory Usage: 14kB"
"                    ->  Seq Scan on users  (cost=0.00..3.00 rows=100 width=17) (actual time=0.009..0.056 rows=100 loops=1)"
"Planning Time: 0.379 ms"
"Execution Time: 0.561 ms"
