"QUERY PLAN"
"Hash Join  (cost=2.30..30.59 rows=4 width=154) (actual time=0.167..0.626 rows=6 loops=1)"
"  Hash Cond: (orders_products.order_id = orders.id)"
"  ->  Seq Scan on orders_products  (cost=0.00..2.00 rows=100 width=8) (actual time=0.015..0.036 rows=100 loops=1)"
"  ->  Hash  (cost=2.25..2.25 rows=4 width=8) (actual time=0.047..0.048 rows=4 loops=1)"
"        Buckets: 1024  Batches: 1  Memory Usage: 9kB"
"        ->  Seq Scan on orders  (cost=0.00..2.25 rows=4 width=8) (actual time=0.015..0.043 rows=4 loops=1)"
"              Filter: (user_id = 2)"
"              Rows Removed by Filter: 96"
"  SubPlan 1"
"    ->  Seq Scan on users  (cost=0.00..3.25 rows=1 width=32) (actual time=0.008..0.039 rows=1 loops=6)"
"          Filter: (id = orders.user_id)"
"          Rows Removed by Filter: 99"
"  SubPlan 2"
"    ->  Seq Scan on products  (cost=0.00..3.25 rows=1 width=19) (actual time=0.025..0.039 rows=1 loops=6)"
"          Filter: (id = orders_products.product_id)"
"          Rows Removed by Filter: 99"
"Planning Time: 0.391 ms"
"Execution Time: 0.670 ms"
