"QUERY PLAN"
"Nested Loop  (cost=2.44..9.17 rows=4 width=55) (actual time=0.102..0.250 rows=6 loops=1)"
"  ->  Seq Scan on users  (cost=0.00..3.25 rows=1 width=17) (actual time=0.019..0.050 rows=1 loops=1)"
"        Filter: (id = 2)"
"        Rows Removed by Filter: 99"
"  ->  Nested Loop  (cost=2.44..5.86 rows=4 width=27) (actual time=0.079..0.190 rows=6 loops=1)"
"        ->  Hash Join  (cost=2.30..4.57 rows=4 width=8) (actual time=0.071..0.158 rows=6 loops=1)"
"              Hash Cond: (orders_products.order_id = orders.id)"
"              ->  Seq Scan on orders_products  (cost=0.00..2.00 rows=100 width=8) (actual time=0.011..0.033 rows=100 loops=1)"
"              ->  Hash  (cost=2.25..2.25 rows=4 width=8) (actual time=0.046..0.047 rows=4 loops=1)"
"                    Buckets: 1024  Batches: 1  Memory Usage: 9kB"
"                    ->  Seq Scan on orders  (cost=0.00..2.25 rows=4 width=8) (actual time=0.013..0.042 rows=4 loops=1)"
"                          Filter: (user_id = 2)"
"                          Rows Removed by Filter: 96"
"        ->  Index Scan using products_pkey on products  (cost=0.14..0.32 rows=1 width=23) (actual time=0.004..0.004 rows=1 loops=6)"
"              Index Cond: (id = orders_products.product_id)"
"Planning Time: 0.538 ms"
"Execution Time: 0.302 ms"
